<?xml version="1.0" encoding="UTF-8"?>
<!-- Generated by org.testng.reporters.JUnitReportReporter -->
<testsuite hostname="purpose" failures="0" tests="2" name="Demo.ThisIsTestNGIgnore" time="0.015" errors="0" timestamp="2023-05-24T13:49:21 PKT" skipped="1">
  <testcase classname="Demo.ThisIsTestNGIgnore" name="Tests" time="0.015"/>
  <system-out/>
  <testcase classname="Demo.ThisIsTestNGIgnore" name="Test">
    <skipped/>
  </testcase> <!-- Test -->
  <system-out/>
</testsuite> <!-- Demo.ThisIsTestNGIgnore -->
