<?xml version="1.0" encoding="UTF-8"?>
<!-- Generated by org.testng.reporters.JUnitReportReporter -->
<testsuite hostname="purpose" failures="0" tests="3" name="Demo.TestNGPriority" time="0.016" errors="0" timestamp="2023-05-19T20:46:31 PKT" skipped="0">
  <testcase classname="Demo.TestNGPriority" name="test3" time="0.012"/>
  <system-out/>
  <testcase classname="Demo.TestNGPriority" name="test2" time="0.002"/>
  <system-out/>
  <testcase classname="Demo.TestNGPriority" name="test1" time="0.002"/>
  <system-out/>
</testsuite> <!-- Demo.TestNGPriority -->
