<?xml version="1.0" encoding="UTF-8"?>
<!-- Generated by org.testng.reporters.JUnitReportReporter -->
<testsuite hostname="purpose" failures="0" tests="3" name="listeners.TestNGListenersDemo3" time="0.006" errors="0" timestamp="2023-05-17T23:13:10 PKT" skipped="1">
  <testcase classname="listeners.TestNGListenersDemo3" name="test6" time="0.002">
    <skipped/>
  </testcase> <!-- test6 -->
  <system-out/>
  <testcase classname="listeners.TestNGListenersDemo3" name="test5" time="0.002"/>
  <system-out/>
  <testcase classname="listeners.TestNGListenersDemo3" name="test4" time="0.002"/>
  <system-out/>
</testsuite> <!-- listeners.TestNGListenersDemo3 -->
