<?xml version="1.0" encoding="UTF-8"?>
<!-- Generated by org.testng.reporters.JUnitReportReporter -->
<testsuite hostname="purpose" failures="0" tests="4" name="Demo.TestNGGroupDemo" time="0.018" errors="0" timestamp="2023-05-23T18:05:43 PKT" skipped="0">
  <testcase classname="Demo.TestNGGroupDemo" name="Test3" time="0.002"/>
  <system-out/>
  <testcase classname="Demo.TestNGGroupDemo" name="Test2" time="0.001"/>
  <system-out/>
  <testcase classname="Demo.TestNGGroupDemo" name="Test4" time="0.002"/>
  <system-out/>
  <testcase classname="Demo.TestNGGroupDemo" name="Test1" time="0.013"/>
  <system-out/>
</testsuite> <!-- Demo.TestNGGroupDemo -->
