<?xml version="1.0" encoding="UTF-8"?>
<!-- Generated by org.testng.reporters.JUnitReportReporter -->
<testsuite hostname="purpose" failures="0" tests="1" name="Testing.TestNG" time="3.346" errors="0" timestamp="2023-05-17T20:30:30 PKT" skipped="0">
  <testcase classname="Testing.TestNG" name="test" time="3.346"/>
  <system-out/>
</testsuite> <!-- Testing.TestNG -->
