<?xml version="1.0" encoding="UTF-8"?>
<!-- Generated by org.testng.reporters.JUnitReportReporter -->
<testsuite hostname="purpose" failures="0" tests="1" name="Demo.TestNGParameterDemo" time="0.016" errors="0" timestamp="2023-05-23T17:29:35 PKT" skipped="0">
  <testcase classname="Demo.TestNGParameterDemo" name="test" time="0.016"/>
  <system-out/>
</testsuite> <!-- Demo.TestNGParameterDemo -->
