<?xml version="1.0" encoding="UTF-8"?>
<!-- Generated by org.testng.reporters.JUnitReportReporter -->
<testsuite hostname="purpose" failures="0" tests="3" name="Demo.TestNGDependenciesDemo" time="0.013" errors="0" timestamp="2023-05-24T13:39:01 PKT" skipped="0">
  <testcase classname="Demo.TestNGDependenciesDemo" name="test3" time="0.002"/>
  <system-out/>
  <testcase classname="Demo.TestNGDependenciesDemo" name="test2" time="0.010"/>
  <system-out/>
  <testcase classname="Demo.TestNGDependenciesDemo" name="test1" time="0.001"/>
  <system-out/>
</testsuite> <!-- Demo.TestNGDependenciesDemo -->
