<?xml version="1.0" encoding="UTF-8"?>
<!-- Generated by org.testng.reporters.JUnitReportReporter -->
<testsuite hostname="purpose" failures="0" tests="3" name="listeners.TestNGListenersDemo" time="11.952" errors="0" timestamp="2023-05-19T20:49:43 PKT" skipped="1">
  <testcase classname="listeners.TestNGListenersDemo" name="test1" time="0.015"/>
  <system-out/>
  <testcase classname="listeners.TestNGListenersDemo" name="test3" time="0.002">
    <skipped/>
  </testcase> <!-- test3 -->
  <system-out/>
  <testcase classname="listeners.TestNGListenersDemo" name="test2" time="11.935"/>
  <system-out/>
</testsuite> <!-- listeners.TestNGListenersDemo -->
