<?xml version="1.0" encoding="UTF-8"?>
<!-- Generated by org.testng.reporters.JUnitReportReporter -->
<testsuite hostname="DESKTOP-JVP4F2I" failures="0" tests="1" name="Testing.TestNG_Google2" time="3.204" errors="0" timestamp="2023-05-08T17:06:32 BST" skipped="0">
  <testcase classname="Testing.TestNG_Google2" name="test2" time="3.204"/>
  <system-out/>
</testsuite> <!-- Testing.TestNG_Google2 -->
